TOKEN #1: programa LEXEMA: PR_PROGRAMA POS: [1,1]

TOKEN #2: 
 LEXEMA: VALOR_FIN_LINEA POS: [1,9]

TOKEN #3: variable LEXEMA: PR_VARIABLE POS: [2,1]

TOKEN #4: 
 LEXEMA: VALOR_FIN_LINEA POS: [2,9]

TOKEN #5: inicio LEXEMA: PR_INICIO POS: [3,1]

TOKEN #6: 
 LEXEMA: VALOR_FIN_LINEA POS: [3,7]

TOKEN #7: 	 LEXEMA: VALOR_ESPACIO POS: [4,1]

TOKEN #8: i LEXEMA: ID_VAR POS: [4,2]

TOKEN #9:   LEXEMA: VALOR_ESPACIO POS: [4,3]

TOKEN #10: = LEXEMA: O_ASIGNACION POS: [4,4]

TOKEN #11:   LEXEMA: VALOR_ESPACIO POS: [4,5]

TOKEN #12: 0 LEXEMA: VALOR_ENTERO POS: [4,6]

TOKEN #13: 
 LEXEMA: VALOR_FIN_LINEA POS: [4,7]

TOKEN #14: fin LEXEMA: PR_FIN POS: [5,1]

TOKEN #15: 
 LEXEMA: VALOR_FIN_LINEA POS: [5,4]

